<?xml version="1.0" encoding="UTF-8"?>
<!-- Generated by org.testng.reporters.JUnitXMLReporter -->
<testsuite hostname="SianKotha" ignored="0" name="Selenium pumpingOrdertest" tests="7" failures="1" timestamp="09 Nov 2020 22:45:27 GMT" time="110.479" errors="0">
  <testcase name="BCBtest" time="0.071" classname="gov.sfwmd.Selenium.PumpingSiteStatus.BCB24test"/>
  <testcase name="BCD1test" time="0.046" classname="gov.sfwmd.Selenium.PumpingSiteStatus.BCB7to7test"/>
  <testcase name="BCB24test" time="0.1" classname="gov.sfwmd.Selenium.PumpingSiteStatus.BCB7test"/>
  <testcase name="checkval" time="15.213" classname="gov.sfwmd.Selenium.PumpingSiteStatus.SiteSTAtest"/>
  <testcase name="pagecheckTimeValue" time="2.23" classname="gov.sfwmd.Selenium.PumpingSiteStatus.CheckDateTimeTest">
    <failure type="java.lang.StringIndexOutOfBoundsException" message="String index out of range: 28">
      <![CDATA[java.lang.StringIndexOutOfBoundsException: String index out of range: 28
	at java.lang.String.substring(String.java:1963)
	at gov.sfwmd.Selenium.SiteStatus.DateAndTimecheckpage.CheckKissimmeePageDate(DateAndTimecheckpage.java:40)
	at gov.sfwmd.Selenium.PumpingSiteStatus.CheckDateTimeTest.pagecheckTimeValue(CheckDateTimeTest.java:45)
	at sun.reflect.NativeMethodAccessorImpl.invoke0(Native Method)
	at sun.reflect.NativeMethodAccessorImpl.invoke(NativeMethodAccessorImpl.java:62)
	at sun.reflect.DelegatingMethodAccessorImpl.invoke(DelegatingMethodAccessorImpl.java:43)
	at java.lang.reflect.Method.invoke(Method.java:498)
	at org.testng.internal.MethodInvocationHelper.invokeMethod(MethodInvocationHelper.java:108)
	at org.testng.internal.Invoker.invokeMethod(Invoker.java:661)
	at org.testng.internal.Invoker.invokeTestMethod(Invoker.java:869)
	at org.testng.internal.Invoker.invokeTestMethods(Invoker.java:1193)
	at org.testng.internal.TestMethodWorker.invokeTestMethods(TestMethodWorker.java:126)
	at org.testng.internal.TestMethodWorker.run(TestMethodWorker.java:109)
	at org.testng.TestRunner.privateRun(TestRunner.java:744)
	at org.testng.TestRunner.run(TestRunner.java:602)
	at org.testng.SuiteRunner.runTest(SuiteRunner.java:380)
	at org.testng.SuiteRunner.runSequentially(SuiteRunner.java:375)
	at org.testng.SuiteRunner.privateRun(SuiteRunner.java:340)
	at org.testng.SuiteRunner.run(SuiteRunner.java:289)
	at org.testng.SuiteRunnerWorker.runSuite(SuiteRunnerWorker.java:52)
	at org.testng.SuiteRunnerWorker.run(SuiteRunnerWorker.java:86)
	at org.testng.TestNG.runSuitesSequentially(TestNG.java:1301)
	at org.testng.TestNG.runSuitesLocally(TestNG.java:1226)
	at org.testng.TestNG.runSuites(TestNG.java:1144)
	at org.testng.TestNG.run(TestNG.java:1115)
	at org.testng.remote.AbstractRemoteTestNG.run(AbstractRemoteTestNG.java:132)
	at org.testng.remote.RemoteTestNG.initAndRun(RemoteTestNG.java:230)
	at org.testng.remote.RemoteTestNG.main(RemoteTestNG.java:76)
]]>
    </failure>
  </testcase> <!-- pagecheckTimeValue -->
  <testcase name="pageclickchart" time="2.439" classname="gov.sfwmd.Selenium.PumpingSiteStatus.CheckDateTimeTest"/>
  <testcase name="checkvalupdated" time="27.022" classname="gov.sfwmd.Selenium.PumpingSiteStatus.CheckDateTimeTest"/>
</testsuite> <!-- Selenium pumpingOrdertest -->
